<?xml version="1.0" encoding="UTF-8"?>
<testsuite name="Crear una cuenta" tests="2" skipped="0" failures="0" errors="0" timestamp="2022-03-26T21:26:23" hostname="DESKTOP-LIG7IFI" time="163.456">
  <properties/>
  <testcase name="Como cliente proporciono la informacion necesaria para poder crear una cuenta" classname="Crear una cuenta" time="95.034"/>
  <testcase name="Como cliente proporciono datos de contacto sin llenar el campo password" classname="Crear una cuenta" time="68.422"/>
  <system-out><![CDATA[2022-03-26 16:27:10 INFO  CommonStepDefinition:23 LOGGER WORKING
2022-03-26 16:27:20 INFO  CreateAccountTestStepDefinition:33 LOGGER IN REGISTER MESSAGE
2022-03-26 16:28:26 INFO  CommonStepDefinition:23 LOGGER WORKING
2022-03-26 16:28:38 INFO  CreateAccountTestStepDefinition:33 LOGGER IN REGISTER MESSAGE
]]></system-out>
  <system-err><![CDATA[3357 [Test worker] INFO io.cucumber.core.plugin.SerenityReporter - Running feature from file:///C:/sofka/intellij/SerenityBDD/Web/SerenityBddWebUiTest/src/test/resources/features/automationpractice/create_account.feature
3357 [Test worker] WARN io.cucumber.core.plugin.SerenityReporter - Feature from file:///C:/sofka/intellij/SerenityBDD/Web/SerenityBddWebUiTest/src/test/resources/features/automationpractice/create_account.feature is not under the 'features' directory. Requirements report will not be correctly generated!
3996 [Test worker] INFO  - 
 _____ _____ ____ _____   ____ _____  _    ____ _____ _____ ____  
|_   _| ____/ ___|_   _| / ___|_   _|/ \  |  _ \_   _| ____|  _ \ 
  | | |  _| \___ \ | |   \___ \ | | / _ \ | |_) || | |  _| | | | |
  | | | |___ ___) || |    ___) || |/ ___ \|  _ < | | | |___| |_| |
  |_| |_____|____/ |_|   |____/ |_/_/   \_\_| \_\|_| |_____|____/ 

Como cliente proporciono la informacion necesaria para poder crear una cuenta(crear-una-cuenta;como-cliente-proporciono-la-informacion-necesaria-para-poder-crear-una-cuenta)
-------------------------------------------------------------------
mar 26, 2022 4:26:25 PM org.openqa.selenium.remote.DesiredCapabilities chrome
INFORMACIÓN: Using `new ChromeOptions()` is preferred to `DesiredCapabilities.chrome()`
7792 [Test worker] INFO net.serenitybdd.core.webdriver.driverproviders.ProvideNewDriver - Instantiating driver
7811 [Test worker] INFO net.serenitybdd.core.webdriver.driverproviders.ProvideNewDriver - Driver capabilities: Capabilities {acceptInsecureCerts: false, browserName: chrome, goog:chromeOptions: {args: [], extensions: [], prefs: {download.default_directory: C:\sofka\intellij\SerenityB...}}, loggingPrefs: org.openqa.selenium.logging..., platform: ANY, version: }
Starting ChromeDriver 99.0.4844.51 (d537ec02474b5afe23684e7963d538896c63ac77-refs/branch-heads/4844@{#875}) on port 29054
Only local connections are allowed.
Please see https://chromedriver.chromium.org/security-considerations for suggestions on keeping ChromeDriver safe.
ChromeDriver was started successfully.
mar 26, 2022 4:26:52 PM org.openqa.selenium.remote.ProtocolHandshake createSession
INFORMACIÓN: Detected dialect: W3C
98189 [Test worker] INFO  - 
        __    _____ _____ ____ _____   ____   _    ____  ____  _____ ____  
  _     \ \  |_   _| ____/ ___|_   _| |  _ \ / \  / ___|/ ___|| ____|  _ \ 
 (_)_____| |   | | |  _| \___ \ | |   | |_) / _ \ \___ \\___ \|  _| | | | |
  _|_____| |   | | | |___ ___) || |   |  __/ ___ \ ___) |___) | |___| |_| |
 (_)     | |   |_| |_____|____/ |_|   |_| /_/   \_\____/|____/|_____|____/ 
        /_/                                                                

Como cliente proporciono la informacion necesaria para poder crear una cuenta
----------------------------------------------------------------------------
98197 [Test worker] INFO io.cucumber.core.plugin.SerenityReporter - Running feature from file:///C:/sofka/intellij/SerenityBDD/Web/SerenityBddWebUiTest/src/test/resources/features/automationpractice/create_account.feature
98197 [Test worker] WARN io.cucumber.core.plugin.SerenityReporter - Feature from file:///C:/sofka/intellij/SerenityBDD/Web/SerenityBddWebUiTest/src/test/resources/features/automationpractice/create_account.feature is not under the 'features' directory. Requirements report will not be correctly generated!
98202 [Test worker] INFO  - 
 _____ _____ ____ _____   ____ _____  _    ____ _____ _____ ____  
|_   _| ____/ ___|_   _| / ___|_   _|/ \  |  _ \_   _| ____|  _ \ 
  | | |  _| \___ \ | |   \___ \ | | / _ \ | |_) || | |  _| | | | |
  | | | |___ ___) || |    ___) || |/ ___ \|  _ < | | | |___| |_| |
  |_| |_____|____/ |_|   |____/ |_/_/   \_\_| \_\|_| |_____|____/ 

Como cliente proporciono datos de contacto sin llenar el campo password(crear-una-cuenta;como-cliente-proporciono-datos-de-contacto-sin-llenar-el-campo-password)
-------------------------------------------------------------------
mar 26, 2022 4:27:59 PM org.openqa.selenium.remote.DesiredCapabilities chrome
INFORMACIÓN: Using `new ChromeOptions()` is preferred to `DesiredCapabilities.chrome()`
98659 [Test worker] INFO net.serenitybdd.core.webdriver.driverproviders.ProvideNewDriver - Instantiating driver
98659 [Test worker] INFO net.serenitybdd.core.webdriver.driverproviders.ProvideNewDriver - Driver capabilities: Capabilities {acceptInsecureCerts: false, browserName: chrome, goog:chromeOptions: {args: [], extensions: [], prefs: {download.default_directory: C:\sofka\intellij\SerenityB...}}, loggingPrefs: org.openqa.selenium.logging..., platform: ANY, version: }
Starting ChromeDriver 99.0.4844.51 (d537ec02474b5afe23684e7963d538896c63ac77-refs/branch-heads/4844@{#875}) on port 1742
Only local connections are allowed.
Please see https://chromedriver.chromium.org/security-considerations for suggestions on keeping ChromeDriver safe.
ChromeDriver was started successfully.
mar 26, 2022 4:28:10 PM org.openqa.selenium.remote.ProtocolHandshake createSession
INFORMACIÓN: Detected dialect: W3C
166612 [Test worker] INFO  - 
        __    _____ _____ ____ _____   ____   _    ____  ____  _____ ____  
  _     \ \  |_   _| ____/ ___|_   _| |  _ \ / \  / ___|/ ___|| ____|  _ \ 
 (_)_____| |   | | |  _| \___ \ | |   | |_) / _ \ \___ \\___ \|  _| | | | |
  _|_____| |   | | | |___ ___) || |   |  __/ ___ \ ___) |___) | |___| |_| |
 (_)     | |   |_| |_____|____/ |_|   |_| /_/   \_\____/|____/|_____|____/ 
        /_/                                                                

Como cliente proporciono datos de contacto sin llenar el campo password
----------------------------------------------------------------------------
]]></system-err>
</testsuite>
